c:\users\guthrie schoolar\desktop\school\game\gws0044\demo 3\debug\vc140.pdb
c:\users\guthrie schoolar\desktop\school\game\gws0044\demo 3\debug\vc140.idb
c:\users\guthrie schoolar\desktop\school\game\gws0044\demo 3\debug\abort.obj
c:\users\guthrie schoolar\desktop\school\game\gws0044\demo 3\debug\debug.obj
c:\users\guthrie schoolar\desktop\school\game\gws0044\demo 3\debug\gamerenderer.obj
c:\users\guthrie schoolar\desktop\school\game\gws0044\demo 3\debug\imagefilenamelist.obj
c:\users\guthrie schoolar\desktop\school\game\gws0044\demo 3\debug\ipmgr.obj
c:\users\guthrie schoolar\desktop\school\game\gws0044\demo 3\debug\main.obj
c:\users\guthrie schoolar\desktop\school\game\gws0044\demo 3\debug\object.obj
c:\users\guthrie schoolar\desktop\school\game\gws0044\demo 3\debug\renderer.obj
c:\users\guthrie schoolar\desktop\school\game\gws0044\demo 3\debug\shader.obj
c:\users\guthrie schoolar\desktop\school\game\gws0044\demo 3\debug\sprite.obj
c:\users\guthrie schoolar\desktop\school\game\gws0044\demo 3\debug\timer.obj
c:\users\guthrie schoolar\desktop\school\game\gws0044\demo 3\debug\tinyxml2.obj
c:\users\guthrie schoolar\desktop\school\game\gws0044\demo 3\debug\window.obj
c:\users\guthrie schoolar\desktop\yin yang\yinyang\debug\vc140.pdb
c:\users\guthrie schoolar\desktop\yin yang\yinyang\debug\vc140.idb
c:\users\guthrie schoolar\desktop\yin yang\yinyang\debug\abort.obj
c:\users\guthrie schoolar\desktop\yin yang\yinyang\debug\debug.obj
c:\users\guthrie schoolar\desktop\yin yang\yinyang\debug\gamerenderer.obj
c:\users\guthrie schoolar\desktop\yin yang\yinyang\debug\imagefilenamelist.obj
c:\users\guthrie schoolar\desktop\yin yang\yinyang\debug\ipmgr.obj
c:\users\guthrie schoolar\desktop\yin yang\yinyang\debug\main.obj
c:\users\guthrie schoolar\desktop\yin yang\yinyang\debug\object.obj
c:\users\guthrie schoolar\desktop\yin yang\yinyang\debug\renderer.obj
c:\users\guthrie schoolar\desktop\yin yang\yinyang\debug\shader.obj
c:\users\guthrie schoolar\desktop\yin yang\yinyang\debug\sprite.obj
c:\users\guthrie schoolar\desktop\yin yang\yinyang\debug\timer.obj
c:\users\guthrie schoolar\desktop\yin yang\yinyang\debug\tinyxml2.obj
c:\users\guthrie schoolar\desktop\yin yang\yinyang\debug\window.obj
c:\users\guthrie schoolar\desktop\school\game\group25\yin yang\yinyang\debug\vc140.pdb
c:\users\guthrie schoolar\desktop\school\game\group25\yin yang\yinyang\debug\vc140.idb
c:\users\guthrie schoolar\desktop\school\game\group25\yin yang\yinyang\debug\abort.obj
c:\users\guthrie schoolar\desktop\school\game\group25\yin yang\yinyang\debug\debug.obj
c:\users\guthrie schoolar\desktop\school\game\group25\yin yang\yinyang\debug\gamerenderer.obj
c:\users\guthrie schoolar\desktop\school\game\group25\yin yang\yinyang\debug\imagefilenamelist.obj
c:\users\guthrie schoolar\desktop\school\game\group25\yin yang\yinyang\debug\ipmgr.obj
c:\users\guthrie schoolar\desktop\school\game\group25\yin yang\yinyang\debug\main.obj
c:\users\guthrie schoolar\desktop\school\game\group25\yin yang\yinyang\debug\object.obj
c:\users\guthrie schoolar\desktop\school\game\group25\yin yang\yinyang\debug\renderer.obj
c:\users\guthrie schoolar\desktop\school\game\group25\yin yang\yinyang\debug\shader.obj
c:\users\guthrie schoolar\desktop\school\game\group25\yin yang\yinyang\debug\sprite.obj
c:\users\guthrie schoolar\desktop\school\game\group25\yin yang\yinyang\debug\timer.obj
c:\users\guthrie schoolar\desktop\school\game\group25\yin yang\yinyang\debug\tinyxml2.obj
c:\users\guthrie schoolar\desktop\school\game\group25\yin yang\yinyang\debug\window.obj
c:\users\guthrie schoolar\desktop\school\game\gws0044\demo 3\debug\pixelshader.cso
c:\users\guthrie schoolar\desktop\school\game\gws0044\demo 3\debug\vertexshader.cso
c:\users\guthrie schoolar\desktop\yin yang\yinyang\debug\pixelshader.cso
c:\users\guthrie schoolar\desktop\yin yang\yinyang\debug\vertexshader.cso
c:\users\guthrie schoolar\desktop\school\game\group25\yin yang\yinyang\debug\pixelshader.cso
c:\users\guthrie schoolar\desktop\school\game\group25\yin yang\yinyang\debug\vertexshader.cso
c:\users\guthrie schoolar\desktop\school\game\gws0044\demo 3\debug\ned's turkey farm.ilk
c:\users\guthrie schoolar\desktop\school\game\gws0044\demo 3\debug\ned's turkey farm.exe
c:\users\guthrie schoolar\desktop\school\game\gws0044\demo 3\debug\ned's turkey farm.pdb
c:\users\guthrie schoolar\desktop\yin yang\yinyang\debug\ned's turkey farm.ilk
c:\users\guthrie schoolar\desktop\yin yang\yinyang\debug\ned's turkey farm.exe
c:\users\guthrie schoolar\desktop\yin yang\yinyang\debug\ned's turkey farm.pdb
c:\users\guthrie schoolar\desktop\school\game\group25\yin yang\yinyang\debug\ned's turkey farm.ilk
c:\users\guthrie schoolar\desktop\school\game\group25\yin yang\yinyang\debug\ned's turkey farm.exe
c:\users\guthrie schoolar\desktop\school\game\group25\yin yang\yinyang\debug\ned's turkey farm.pdb
c:\users\guthrie schoolar\desktop\school\game\gws0044\demo 3\debug\ned's turkey farm.res
c:\users\guthrie schoolar\desktop\yin yang\yinyang\debug\ned's turkey farm.res
c:\users\guthrie schoolar\desktop\school\game\group25\yin yang\yinyang\debug\ned's turkey farm.res
c:\users\guthrie schoolar\desktop\school\game\group25\yin yang\yinyang\debug\vc120.idb
c:\users\guthrie schoolar\desktop\school\game\group25\yin yang\yinyang\debug\vc120.pdb
c:\users\guthrie schoolar\desktop\school\game\group25\yin yang\yinyang\debug\ned's tu.9acdd37a.tlog\cl.command.1.tlog
c:\users\guthrie schoolar\desktop\school\game\group25\yin yang\yinyang\debug\ned's tu.9acdd37a.tlog\cl.read.1.tlog
c:\users\guthrie schoolar\desktop\school\game\group25\yin yang\yinyang\debug\ned's tu.9acdd37a.tlog\cl.write.1.tlog
c:\users\guthrie schoolar\desktop\school\game\group25\yin yang\yinyang\debug\ned's tu.9acdd37a.tlog\fxc.command.1.tlog
c:\users\guthrie schoolar\desktop\school\game\group25\yin yang\yinyang\debug\ned's tu.9acdd37a.tlog\fxc.read.1.tlog
c:\users\guthrie schoolar\desktop\school\game\group25\yin yang\yinyang\debug\ned's tu.9acdd37a.tlog\fxc.write.1.tlog
c:\users\guthrie schoolar\desktop\school\game\group25\yin yang\yinyang\debug\ned's tu.9acdd37a.tlog\link.command.1.tlog
c:\users\guthrie schoolar\desktop\school\game\group25\yin yang\yinyang\debug\ned's tu.9acdd37a.tlog\link.read.1.tlog
c:\users\guthrie schoolar\desktop\school\game\group25\yin yang\yinyang\debug\ned's tu.9acdd37a.tlog\link.write.1.tlog
c:\users\guthrie schoolar\desktop\school\game\group25\yin yang\yinyang\debug\ned's tu.9acdd37a.tlog\ned's turkey farm.write.1u.tlog
c:\users\guthrie schoolar\desktop\school\game\group25\yin yang\yinyang\debug\ned's tu.9acdd37a.tlog\rc.command.1.tlog
c:\users\guthrie schoolar\desktop\school\game\group25\yin yang\yinyang\debug\ned's tu.9acdd37a.tlog\rc.read.1.tlog
c:\users\guthrie schoolar\desktop\school\game\group25\yin yang\yinyang\debug\ned's tu.9acdd37a.tlog\rc.write.1.tlog
