C:\Program Files (x86)\MSBuild\Microsoft.Cpp\v4.0\V140\Microsoft.CppBuild.targets(392,5): warning MSB8028: The intermediate directory (Debug\) contains files shared from another project (Ned's Turkey Farm.vcxproj).  This can lead to incorrect clean and rebuild behavior.
  compilation object save succeeded; see C:\Users\Cassidy\Desktop\Game Programming Repos\Group 25 Repo\Yin Yang\YinYang\Debug\PixelShader.cso
  compilation object save succeeded; see C:\Users\Cassidy\Desktop\Game Programming Repos\Group 25 Repo\Yin Yang\YinYang\Debug\VertexShader.cso
  Window.cpp
  tinyxml2.cpp
  Timer.cpp
  Sprite.cpp
  Shader.cpp
  Renderer.cpp
  Random.cpp
  Projectile.cpp
  Object.cpp
c:\users\cassidy\desktop\game programming repos\group 25 repo\yin yang\yinyang\code\object.cpp(53): warning C4244: 'initializing': conversion from 'float' to 'int', possible loss of data
c:\users\cassidy\desktop\game programming repos\group 25 repo\yin yang\yinyang\code\object.cpp(54): warning C4244: 'initializing': conversion from 'float' to 'int', possible loss of data
c:\users\cassidy\desktop\game programming repos\group 25 repo\yin yang\yinyang\code\object.cpp(162): warning C4244: 'initializing': conversion from 'float' to 'int', possible loss of data
c:\users\cassidy\desktop\game programming repos\group 25 repo\yin yang\yinyang\code\object.cpp(163): warning C4244: 'initializing': conversion from 'float' to 'int', possible loss of data
  Ninja.cpp
  Main.cpp
c:\users\cassidy\desktop\game programming repos\group 25 repo\yin yang\yinyang\code\main.cpp(406): warning C4244: 'argument': conversion from 'LONG' to 'float', possible loss of data
  IPMgr.cpp
  ImageFileNameList.cpp
  GameRenderer.cpp
c:\users\cassidy\desktop\game programming repos\group 25 repo\yin yang\yinyang\code\gamerenderer.cpp(55): warning C4244: 'initializing': conversion from 'int' to 'float', possible loss of data
c:\users\cassidy\desktop\game programming repos\group 25 repo\yin yang\yinyang\code\gamerenderer.cpp(56): warning C4244: 'initializing': conversion from 'int' to 'float', possible loss of data
c:\users\cassidy\desktop\game programming repos\group 25 repo\yin yang\yinyang\code\gamerenderer.cpp(60): warning C4244: 'argument': conversion from 'double' to 'float', possible loss of data
c:\users\cassidy\desktop\game programming repos\group 25 repo\yin yang\yinyang\code\gamerenderer.cpp(63): warning C4244: 'argument': conversion from 'double' to 'float', possible loss of data
c:\users\cassidy\desktop\game programming repos\group 25 repo\yin yang\yinyang\code\gamerenderer.cpp(66): warning C4244: 'argument': conversion from 'double' to 'float', possible loss of data
c:\users\cassidy\desktop\game programming repos\group 25 repo\yin yang\yinyang\code\gamerenderer.cpp(69): warning C4244: 'argument': conversion from 'double' to 'float', possible loss of data
c:\users\cassidy\desktop\game programming repos\group 25 repo\yin yang\yinyang\code\gamerenderer.cpp(72): warning C4244: 'argument': conversion from 'double' to 'float', possible loss of data
c:\users\cassidy\desktop\game programming repos\group 25 repo\yin yang\yinyang\code\gamerenderer.cpp(75): warning C4244: 'argument': conversion from 'double' to 'float', possible loss of data
c:\users\cassidy\desktop\game programming repos\group 25 repo\yin yang\yinyang\code\gamerenderer.cpp(219): warning C4244: 'argument': conversion from 'int' to 'float', possible loss of data
  Enemy.cpp
  debug.cpp
  Ai.cpp
  abort.cpp
  Generating Code...
  Ned's Turkey Farm.vcxproj -> C:\Users\Cassidy\Desktop\Game Programming Repos\Group 25 Repo\Yin Yang\YinYang\Debug\Yin Yang.exe
  Ned's Turkey Farm.vcxproj -> C:\Users\Cassidy\Desktop\Game Programming Repos\Group 25 Repo\Yin Yang\YinYang\Debug\Yin Yang.pdb (Full PDB)
