c:\users\guthrie schoolar\desktop\school\game\new repo group25\yin yang\yinyang\debug\vc140.pdb
c:\users\guthrie schoolar\desktop\school\game\new repo group25\yin yang\yinyang\debug\vc140.idb
c:\users\guthrie schoolar\desktop\school\game\new repo group25\yin yang\yinyang\debug\abort.obj
c:\users\guthrie schoolar\desktop\school\game\new repo group25\yin yang\yinyang\debug\ai.obj
c:\users\guthrie schoolar\desktop\school\game\new repo group25\yin yang\yinyang\debug\debug.obj
c:\users\guthrie schoolar\desktop\school\game\new repo group25\yin yang\yinyang\debug\enemy.obj
c:\users\guthrie schoolar\desktop\school\game\new repo group25\yin yang\yinyang\debug\gamerenderer.obj
c:\users\guthrie schoolar\desktop\school\game\new repo group25\yin yang\yinyang\debug\imagefilenamelist.obj
c:\users\guthrie schoolar\desktop\school\game\new repo group25\yin yang\yinyang\debug\ipmgr.obj
c:\users\guthrie schoolar\desktop\school\game\new repo group25\yin yang\yinyang\debug\ninja.obj
c:\users\guthrie schoolar\desktop\school\game\new repo group25\yin yang\yinyang\debug\object.obj
c:\users\guthrie schoolar\desktop\school\game\new repo group25\yin yang\yinyang\debug\projectile.obj
c:\users\guthrie schoolar\desktop\school\game\new repo group25\yin yang\yinyang\debug\random.obj
c:\users\guthrie schoolar\desktop\school\game\new repo group25\yin yang\yinyang\debug\renderer.obj
c:\users\guthrie schoolar\desktop\school\game\new repo group25\yin yang\yinyang\debug\shader.obj
c:\users\guthrie schoolar\desktop\school\game\new repo group25\yin yang\yinyang\debug\sprite.obj
c:\users\guthrie schoolar\desktop\school\game\new repo group25\yin yang\yinyang\debug\timer.obj
c:\users\guthrie schoolar\desktop\school\game\new repo group25\yin yang\yinyang\debug\tinyxml2.obj
c:\users\guthrie schoolar\desktop\school\game\new repo group25\yin yang\yinyang\debug\window.obj
c:\users\guthrie schoolar\desktop\school\game\new repo group25\yin yang\yinyang\debug\main.obj
c:\users\guthrie schoolar\desktop\school\game\new repo group25\yin yang\yinyang\debug\pixelshader.cso
c:\users\guthrie schoolar\desktop\school\game\new repo group25\yin yang\yinyang\debug\vertexshader.cso
c:\users\guthrie schoolar\desktop\school\game\new repo group25\yin yang\yinyang\debug\yin yang.ilk
c:\users\guthrie schoolar\desktop\school\game\new repo group25\yin yang\yinyang\debug\yin yang.exe
c:\users\guthrie schoolar\desktop\school\game\new repo group25\yin yang\yinyang\debug\yin yang.pdb
c:\users\guthrie schoolar\desktop\school\game\new repo group25\yin yang\yinyang\debug\ned's turkey farm.res
c:\users\guthrie schoolar\desktop\school\game\new repo group25\yin yang\yinyang\debug\yin yang.tlog\cl.command.1.tlog
c:\users\guthrie schoolar\desktop\school\game\new repo group25\yin yang\yinyang\debug\yin yang.tlog\cl.read.1.tlog
c:\users\guthrie schoolar\desktop\school\game\new repo group25\yin yang\yinyang\debug\yin yang.tlog\cl.write.1.tlog
c:\users\guthrie schoolar\desktop\school\game\new repo group25\yin yang\yinyang\debug\yin yang.tlog\fxc.command.1.tlog
c:\users\guthrie schoolar\desktop\school\game\new repo group25\yin yang\yinyang\debug\yin yang.tlog\fxc.read.1.tlog
c:\users\guthrie schoolar\desktop\school\game\new repo group25\yin yang\yinyang\debug\yin yang.tlog\fxc.write.1.tlog
c:\users\guthrie schoolar\desktop\school\game\new repo group25\yin yang\yinyang\debug\yin yang.tlog\link.command.1.tlog
c:\users\guthrie schoolar\desktop\school\game\new repo group25\yin yang\yinyang\debug\yin yang.tlog\link.read.1.tlog
c:\users\guthrie schoolar\desktop\school\game\new repo group25\yin yang\yinyang\debug\yin yang.tlog\link.write.1.tlog
c:\users\guthrie schoolar\desktop\school\game\new repo group25\yin yang\yinyang\debug\yin yang.tlog\rc.command.1.tlog
c:\users\guthrie schoolar\desktop\school\game\new repo group25\yin yang\yinyang\debug\yin yang.tlog\rc.read.1.tlog
c:\users\guthrie schoolar\desktop\school\game\new repo group25\yin yang\yinyang\debug\yin yang.tlog\rc.write.1.tlog
c:\users\guthrie schoolar\desktop\school\game\new repo group25\yin yang\yinyang\debug\yin yang.tlog\yin yang.write.1u.tlog
