c:\users\gws0044\desktop\group 25\yin yang\directxtk\bin\desktop_2013\win32\release\directxtk.pch
c:\users\gws0044\desktop\group 25\yin yang\directxtk\bin\desktop_2013\win32\release\directxtk.pdb
c:\users\gws0044\desktop\group 25\yin yang\directxtk\bin\desktop_2013\win32\release\pch.obj
c:\users\gws0044\desktop\group 25\yin yang\directxtk\bin\desktop_2013\win32\release\spritefont.obj
c:\users\gws0044\desktop\group 25\yin yang\directxtk\bin\desktop_2013\win32\release\primitivebatch.obj
c:\users\gws0044\desktop\group 25\yin yang\directxtk\bin\desktop_2013\win32\release\spritebatch.obj
c:\users\gws0044\desktop\group 25\yin yang\directxtk\bin\desktop_2013\win32\release\skinnedeffect.obj
c:\users\gws0044\desktop\group 25\yin yang\directxtk\bin\desktop_2013\win32\release\screengrab.obj
c:\users\gws0044\desktop\group 25\yin yang\directxtk\bin\desktop_2013\win32\release\modelloadsdkmesh.obj
c:\users\gws0044\desktop\group 25\yin yang\directxtk\bin\desktop_2013\win32\release\modelloadcmo.obj
c:\users\gws0044\desktop\group 25\yin yang\directxtk\bin\desktop_2013\win32\release\model.obj
c:\users\gws0044\desktop\group 25\yin yang\directxtk\bin\desktop_2013\win32\release\geometricprimitive.obj
c:\users\gws0044\desktop\group 25\yin yang\directxtk\bin\desktop_2013\win32\release\environmentmapeffect.obj
c:\users\gws0044\desktop\group 25\yin yang\directxtk\bin\desktop_2013\win32\release\effectfactory.obj
c:\users\gws0044\desktop\group 25\yin yang\directxtk\bin\desktop_2013\win32\release\effectcommon.obj
c:\users\gws0044\desktop\group 25\yin yang\directxtk\bin\desktop_2013\win32\release\binaryreader.obj
c:\users\gws0044\desktop\group 25\yin yang\directxtk\bin\desktop_2013\win32\release\dualtextureeffect.obj
c:\users\gws0044\desktop\group 25\yin yang\directxtk\bin\desktop_2013\win32\release\dgsleffectfactory.obj
c:\users\gws0044\desktop\group 25\yin yang\directxtk\bin\desktop_2013\win32\release\dgsleffect.obj
c:\users\gws0044\desktop\group 25\yin yang\directxtk\bin\desktop_2013\win32\release\ddstextureloader.obj
c:\users\gws0044\desktop\group 25\yin yang\directxtk\bin\desktop_2013\win32\release\commonstates.obj
c:\users\gws0044\desktop\group 25\yin yang\directxtk\bin\desktop_2013\win32\release\basiceffect.obj
c:\users\gws0044\desktop\group 25\yin yang\directxtk\bin\desktop_2013\win32\release\alphatesteffect.obj
c:\users\gws0044\desktop\group 25\yin yang\directxtk\bin\desktop_2013\win32\release\wictextureloader.obj
c:\users\gws0044\desktop\group 25\yin yang\directxtk\bin\desktop_2013\win32\release\vertextypes.obj
c:\users\gws0044\desktop\group 25\yin yang\directxtk\bin\desktop_2013\win32\release\directxtk.lib
c:\users\gws0044\desktop\group 25\yin yang\directxtk\bin\desktop_2013\win32\release\directxt.e0b52ae7.tlog\cl.command.1.tlog
c:\users\gws0044\desktop\group 25\yin yang\directxtk\bin\desktop_2013\win32\release\directxt.e0b52ae7.tlog\cl.read.1.tlog
c:\users\gws0044\desktop\group 25\yin yang\directxtk\bin\desktop_2013\win32\release\directxt.e0b52ae7.tlog\cl.write.1.tlog
c:\users\gws0044\desktop\group 25\yin yang\directxtk\bin\desktop_2013\win32\release\directxt.e0b52ae7.tlog\lib-link.read.1.tlog
c:\users\gws0044\desktop\group 25\yin yang\directxtk\bin\desktop_2013\win32\release\directxt.e0b52ae7.tlog\lib-link.write.1.tlog
c:\users\gws0044\desktop\group 25\yin yang\directxtk\bin\desktop_2013\win32\release\directxt.e0b52ae7.tlog\lib.command.1.tlog
