c:\users\gws0044\desktop\group 25\yin yang\yinyang\release\vc140.pdb
c:\users\gws0044\desktop\group 25\yin yang\yinyang\release\timer.obj
c:\users\gws0044\desktop\group 25\yin yang\yinyang\release\spriteman.obj
c:\users\gws0044\desktop\group 25\yin yang\yinyang\release\sprite.obj
c:\users\gws0044\desktop\group 25\yin yang\yinyang\release\sound.obj
c:\users\gws0044\desktop\group 25\yin yang\yinyang\release\shader.obj
c:\users\gws0044\desktop\group 25\yin yang\yinyang\release\renderer.obj
c:\users\gws0044\desktop\group 25\yin yang\yinyang\release\random.obj
c:\users\gws0044\desktop\group 25\yin yang\yinyang\release\projectile.obj
c:\users\gws0044\desktop\group 25\yin yang\yinyang\release\object.obj
c:\users\gws0044\desktop\group 25\yin yang\yinyang\release\number.obj
c:\users\gws0044\desktop\group 25\yin yang\yinyang\release\ninja.obj
c:\users\gws0044\desktop\group 25\yin yang\yinyang\release\ipmgr.obj
c:\users\gws0044\desktop\group 25\yin yang\yinyang\release\imagefilenamelist.obj
c:\users\gws0044\desktop\group 25\yin yang\yinyang\release\gamerenderer.obj
c:\users\gws0044\desktop\group 25\yin yang\yinyang\release\enemy.obj
c:\users\gws0044\desktop\group 25\yin yang\yinyang\release\debug.obj
c:\users\gws0044\desktop\group 25\yin yang\yinyang\release\coins.obj
c:\users\gws0044\desktop\group 25\yin yang\yinyang\release\ai.obj
c:\users\gws0044\desktop\group 25\yin yang\yinyang\release\abort.obj
c:\users\gws0044\desktop\group 25\yin yang\yinyang\release\window.obj
c:\users\gws0044\desktop\group 25\yin yang\yinyang\release\tinyxml2.obj
c:\users\gws0044\desktop\group 25\yin yang\yinyang\release\main.obj
c:\users\gws0044\desktop\group 25\yin yang\yinyang\release\chengzi.cso
c:\users\gws0044\desktop\group 25\yin yang\yinyang\release\hong.cso
c:\users\gws0044\desktop\group 25\yin yang\yinyang\release\huangse.cso
c:\users\gws0044\desktop\group 25\yin yang\yinyang\release\lan.cso
c:\users\gws0044\desktop\group 25\yin yang\yinyang\release\luse.cso
c:\users\gws0044\desktop\group 25\yin yang\yinyang\release\vertexshader.cso
c:\users\gws0044\desktop\group 25\yin yang\yinyang\release\yang.cso
c:\users\gws0044\desktop\group 25\yin yang\yinyang\release\yin.cso
c:\users\gws0044\desktop\group 25\yin yang\yinyang\release\zise.cso
c:\users\gws0044\desktop\group 25\yin yang\yinyang\release\hud.cso
c:\users\gws0044\desktop\group 25\yin yang\yinyang\release\yin yang.exe
c:\users\gws0044\desktop\group 25\yin yang\yinyang\release\yin yang.ipdb
c:\users\gws0044\desktop\group 25\yin yang\yinyang\release\yin yang.iobj
c:\users\gws0044\desktop\group 25\yin yang\yinyang\release\yin yang.pdb
c:\users\gws0044\desktop\group 25\yin yang\yinyang\release\yin yang.res
c:\users\gws0044\desktop\group 25\yin yang\yinyang\release\yin yang.tlog\cl.command.1.tlog
c:\users\gws0044\desktop\group 25\yin yang\yinyang\release\yin yang.tlog\cl.read.1.tlog
c:\users\gws0044\desktop\group 25\yin yang\yinyang\release\yin yang.tlog\cl.write.1.tlog
c:\users\gws0044\desktop\group 25\yin yang\yinyang\release\yin yang.tlog\fxc.command.1.tlog
c:\users\gws0044\desktop\group 25\yin yang\yinyang\release\yin yang.tlog\fxc.read.1.tlog
c:\users\gws0044\desktop\group 25\yin yang\yinyang\release\yin yang.tlog\fxc.write.1.tlog
c:\users\gws0044\desktop\group 25\yin yang\yinyang\release\yin yang.tlog\link.command.1.tlog
c:\users\gws0044\desktop\group 25\yin yang\yinyang\release\yin yang.tlog\link.read.1.tlog
c:\users\gws0044\desktop\group 25\yin yang\yinyang\release\yin yang.tlog\link.write.1.tlog
c:\users\gws0044\desktop\group 25\yin yang\yinyang\release\yin yang.tlog\rc.command.1.tlog
c:\users\gws0044\desktop\group 25\yin yang\yinyang\release\yin yang.tlog\rc.read.1.tlog
c:\users\gws0044\desktop\group 25\yin yang\yinyang\release\yin yang.tlog\rc.write.1.tlog
c:\users\gws0044\desktop\group 25\yin yang\yinyang\release\yin yang.tlog\yin yang.write.1u.tlog
